C51 COMPILER V9.54   KEY                                                                   11/03/2024 19:32:28 PAGE 1   


C51 COMPILER V9.54, COMPILATION OF MODULE KEY
OBJECT MODULE PLACED IN .\Objects\Key.obj
COMPILER INVOKED BY: E:\Keil5\C51\BIN\C51.EXE Key.c LARGE OPTIMIZE(8,SPEED) BROWSE DEBUG OBJECTEXTEND PRINT(.\Listings\K
                    -ey.lst) OBJECT(.\Objects\Key.obj)

line level    source

   1          #include <REGX52.H>
   2          
   3          sbit key = P3^1;
   4          
   5          unsigned char flag, High, Low;
   6          
   7          void Key()
   8          {
   9   1              if(key == 0 && flag == 0)                                                                                                                       
  10   1              {
  11   2                      High++;
  12   2                      if(High >= 1)                           //按下检测>=10ms
  13   2                      {
  14   3                              High = 0;
  15   3                              flag = 1;
  16   3                      }
  17   2              }
  18   1              else if(key != 0 && flag == 1)
  19   1              {
  20   2                      Low++;
  21   2                      if(Low >= 1)                            //松开检测>=10ms
  22   2                      {
  23   3                              //执行程序部分
  24   3                              
  25   3                              flag = 0;
  26   3                      }
  27   2              }
  28   1      }


MODULE INFORMATION:   STATIC OVERLAYABLE
   CODE SIZE        =     53    ----
   CONSTANT SIZE    =   ----    ----
   XDATA SIZE       =      3    ----
   PDATA SIZE       =   ----    ----
   DATA SIZE        =   ----    ----
   IDATA SIZE       =   ----    ----
   BIT SIZE         =   ----    ----
END OF MODULE INFORMATION.


C51 COMPILATION COMPLETE.  0 WARNING(S),  0 ERROR(S)
