C51 COMPILER V9.54   MAIN                                                                  12/11/2024 20:32:56 PAGE 1   


C51 COMPILER V9.54, COMPILATION OF MODULE MAIN
OBJECT MODULE PLACED IN .\Objects\main.obj
COMPILER INVOKED BY: E:\Keil5\C51\BIN\C51.EXE main.c OPTIMIZE(8,SPEED) BROWSE DEBUG OBJECTEXTEND PRINT(.\Listings\main.l
                    -st) OBJECT(.\Objects\main.obj)

line level    source

   1          #include <REGX52.H>
   2          #include "Delay.h"
   3          #include "key_multi.h"
   4          #include "UART.h"
   5          #include "AT24C02.h"
   6          
   7          #define uchar unsigned char
   8          #define uint unsigned int
   9          #define length 2
  10          
  11          sbit PWMOUT1 = P2^6;
  12          sbit PWMOUT2 = P2^7;
  13          sbit Key1 = P3^1;
  14          sbit Key5 = P3^3;
  15          
  16          uchar f1,DR1,f2,DR2,i,state = 1,Loc,Num,t,p,count1,count2,QS,HS,temp1,temp2;                                                                    //f：频率  DR：占空比
  17          uchar flag1,High1,Low1, flag3,High3,Low3, flag4,High4,Low4, flag5,High5,Low5;
  18          uchar display1[length],display2[length];
  19          uchar HighRH1,HighRL1,LowRH1,LowRL1,HighRH2,HighRL2,LowRH2,LowRL2,mood1,mood2;
  20          uint counter;
  21          
  22          uchar state2,key;
  23          uchar time11,time12,time13,time14,lasts1,nows1,time21,time22,time23,time24,lasts2,nows2,mood21,mood22,mood
             -11,mood12;
  24          
  25          uchar code led_code[] = {0x3F, 0x06, 0x5B, 0x4F, 0x66, 0x6D, 0x7D, 0x07, 0x7F, 0x6F};
  26          
  27          void Timer0_Isr(void) interrupt 1
  28          {       
  29   1              if(!state2)
  30   1              {
  31   2                      if(mood1 == 0)
  32   2                      {
  33   3                              if(PWMOUT1 == 1)
  34   3                              {
  35   4                                      PWMOUT1 = 0;
  36   4                                      TH0 = LowRH1;                           
  37   4                                      TL0 = LowRL1;
  38   4                              }
  39   3                              else
  40   3                              {
  41   4                                      PWMOUT1 = 1;
  42   4                                      TH0 = HighRH1;                          
  43   4                                      TL0 = HighRL1;
  44   4                              }
  45   3                      }
  46   2                      else
  47   2                      {
  48   3                              if(PWMOUT1 == 1)
  49   3                              {
  50   4                                      if(count1 == 10)
  51   4                                      {
  52   5                                              count1 = 0;
  53   5                                              TH0 = LowRH1;                           
C51 COMPILER V9.54   MAIN                                                                  12/11/2024 20:32:56 PAGE 2   

  54   5                                              TL0 = LowRL1;
  55   5                                              PWMOUT1 = 0;
  56   5                                      }
  57   4                                      else
  58   4                                      {
  59   5                                              TH0 = HighRH1;                          
  60   5                                              TL0 = HighRL1;
  61   5                                              count1++;
  62   5                                      }
  63   4                              }
  64   3                              else
  65   3                              {
  66   4      
  67   4                                      if(count1 == 10)
  68   4                                      {
  69   5                                              count1 = 0;
  70   5                                              TH0 = HighRH1;                          
  71   5                                              TL0 = HighRL1;
  72   5                                              PWMOUT1 = 1;
  73   5                                      }
  74   4                                      else
  75   4                                      {
  76   5                                              TH0 = LowRH1;                           
  77   5                                              TL0 = LowRL1;
  78   5                                              count1++;
  79   5                                      }
  80   4                              }       
  81   3                      }
  82   2              }
  83   1              else
  84   1              {
  85   2                      TL0 = 0x66;                             //设置定时初始值
  86   2                      TH0 = 0xFC;                             //设置定时初始值
  87   2                      counter++;
  88   2                      
  89   2                      time11++;               
  90   2                      lasts1 = nows1;                         //第一列波测波
  91   2                      nows1 = PWMOUT1;
  92   2                      switch(mood11)
  93   2                      {
  94   3                              case 0:
  95   3                              {
  96   4                                      if(lasts1 == 0 && nows1 == 1)
  97   4                                      {
  98   5                                              time12 = time11;
  99   5                                              mood11 = 1;
 100   5                                      }
 101   4                              }break;
 102   3                              case 1:
 103   3                              {
 104   4                                      if(lasts1 == 1 && nows1 == 0 )
 105   4                                      {
 106   5                                              time13 = time11;
 107   5                                              mood11 = 2;
 108   5                                      }
 109   4                              }break;
 110   3                              case 2:
 111   3                              {
 112   4                                      if(lasts1 == 0 && nows1 == 1 )
 113   4                                      {                                       
 114   5                                              time14 = time11;
 115   5                                              mood11 = 3;
C51 COMPILER V9.54   MAIN                                                                  12/11/2024 20:32:56 PAGE 3   

 116   5                                      }
 117   4                              }break;
 118   3                      }
 119   2                      
 120   2                      time21++;               
 121   2                      lasts2 = nows2;                         //第二列波测波
 122   2                      nows2 = PWMOUT2;
 123   2                      switch (mood12)
 124   2                      {
 125   3                              case 0:
 126   3                              {
 127   4                                      if(lasts2 == 0 && nows2 == 1)
 128   4                                      {
 129   5                                              time22 = time21;
 130   5                                              mood12 = 1;
 131   5                                      }
 132   4                              }break;
 133   3                              case 1:
 134   3                              {
 135   4                                      if(lasts2 == 1 && nows2 == 0 )
 136   4                                      {
 137   5                                              time23 = time21;
 138   5                                              mood12 = 2;
 139   5                                      }
 140   4                              }break;
 141   3                              case 2:
 142   3                              {
 143   4                                      if(lasts2 == 0 && nows2 == 1 )
 144   4                                      {                                       
 145   5                                              time24 = time21;
 146   5                                              mood12 = 3;
 147   5                                      }
 148   4                              }break;
 149   3                      }
 150   2              }
 151   1      }
 152          
 153          void Timer1_Isr(void) interrupt 3
 154          {
 155   1              if(mood2 == 0)
 156   1              {
 157   2                              if(PWMOUT2 == 1)
 158   2                              {
 159   3                                      TH1 = LowRH2;                           
 160   3                                      TL1 = LowRL2;
 161   3                                      PWMOUT2 = 0;
 162   3                              }
 163   2                              else
 164   2                              {
 165   3                                      TH1 = HighRH2;                          
 166   3                                      TL1 = HighRL2;
 167   3                                      PWMOUT2 = 1;
 168   3                              }
 169   2              }
 170   1              else
 171   1              {
 172   2                      if(PWMOUT2 == 1)
 173   2                      {
 174   3                              if(count2 == 10)
 175   3                              {
 176   4                                      count2 = 0;
 177   4                                      TH0 = LowRH2;                           
C51 COMPILER V9.54   MAIN                                                                  12/11/2024 20:32:56 PAGE 4   

 178   4                                      TL0 = LowRL2;
 179   4                                      PWMOUT2 = 0;
 180   4                              }
 181   3                              else
 182   3                              {
 183   4                                      TH0 = HighRH2;                          
 184   4                                      TL0 = HighRL2;
 185   4                                      count2++;
 186   4                              }
 187   3                              
 188   3                      }
 189   2                      else
 190   2                      {
 191   3                              if(count2 == 10)
 192   3                              {
 193   4                                      count2 = 0;
 194   4                                      TH0 = HighRH2;                          
 195   4                                      TL0 = HighRL2;
 196   4                                      PWMOUT2 = 1;
 197   4                              }
 198   3                              else
 199   3                              {
 200   4                                      TH0 = LowRH2;                           
 201   4                                      TL0 = LowRL2;
 202   4                                      count2++;
 203   4                              }
 204   3                      }       
 205   2              }
 206   1      }
 207          
 208          void Lvbo(uchar *n,num)
 209          {
 210   1              for(i = 1; i < num + 1; i++)
 211   1              {
 212   2                      if(*n > (10 * i - 5) && *n < (10 * i + 5)) *n = 10 * i;
 213   2              }
 214   1      }
 215          
 216          void pwm(uchar fr1, DC1, fr2, DC2)
 217          {
 218   1              uint high1, low1, highload1, lowload1;
 219   1              uint high2, low2, highload2, lowload2;
 220   1              unsigned long tmp1, tmp2;
 221   1              
 222   1              tmp1 = (921600) / fr1;                          //周期 11059200 / 12
 223   1              tmp2 = (921600) / fr2;                          //周期 11059200 / 12
 224   1              if(fr1 == 10 && DC1 == 80)
 225   1              {
 226   2                      tmp1 /= 10;     
 227   2                      mood1 = 1;
 228   2              }
 229   1              else if(fr1 == 10 && DC1 == 90)
 230   1              {
 231   2                      tmp1 /= 10;     
 232   2                      mood1 = 1;
 233   2              }
 234   1              else if(fr1 == 10 && DC1 == 10)
 235   1              {
 236   2                      tmp1 /= 10;     
 237   2                      mood1 = 1;
 238   2              }
 239   1              else if(fr1 == 10 && DC1 == 20)
C51 COMPILER V9.54   MAIN                                                                  12/11/2024 20:32:56 PAGE 5   

 240   1              {
 241   2                      tmp1 /= 10;     
 242   2                      mood1 = 1;
 243   2              }
 244   1              else mood1 = 0;
 245   1              
 246   1              if(fr2 == 10 && DC2 == 80)
 247   1              {
 248   2                      tmp2 /= 10;     
 249   2                      mood2 = 1;
 250   2              }
 251   1              else if(fr2 == 10 && DC2 == 90)
 252   1              {
 253   2                      tmp2 /= 10;     
 254   2                      mood2 = 1;
 255   2              }
 256   1              else if(fr2 == 10 && DC2 == 10)
 257   1              {
 258   2                      tmp2 /= 10;     
 259   2                      mood2 = 1;
 260   2              }
 261   1              else if(fr2 == 10 && DC2 == 20)
 262   1              {
 263   2                      tmp2 /= 10;     
 264   2                      mood2 = 1;
 265   2              }
 266   1              else mood2 = 0;
 267   1              high1 = (tmp1 * DC1) / 100;
 268   1              low1 = tmp1 - high1;
 269   1              highload1 = 65536 - high1 + 40;
 270   1              lowload1 = 65536 - low1 + 40;
 271   1              
 272   1              HighRH1 = (uchar)(highload1 / 256);
 273   1              HighRL1 = (uchar)(highload1 % 256);
 274   1              LowRH1 = (uchar)(lowload1 / 256);
 275   1              LowRL1 = (uchar)(lowload1 % 256);
 276   1              
 277   1              
 278   1              high2 = (tmp2 * DC2) / 100;
 279   1              low2 = tmp2 - high2;
 280   1              highload2 = 65536 - high2 + 11;
 281   1              lowload2 = 65536 - low2 + 11;
 282   1              
 283   1              HighRH2 = (uchar)(highload2 / 256);
 284   1              HighRL2 = (uchar)(highload2 % 256);
 285   1              LowRH2 = (uchar)(lowload2 / 256);
 286   1              LowRL2 = (uchar)(lowload2 % 256);
 287   1              
 288   1              TMOD &= 0x00;                   //设置定时器模式
 289   1              TMOD |= 0x11;                   //设置定时器模式
 290   1              TH0 = HighRH1;                          //设置定时初始值
 291   1              TL0 = HighRL1;                          //设置定时初始值
 292   1              TL1 = HighRL2;                          //设置定时初始值
 293   1              TH1 = HighRH2;                          //设置定时初始值
 294   1              TR0 = 1;                                //定时器0开始计时
 295   1              ET0 = 1;                                //使能定时器0中断
 296   1              TR1 = 1;                                //定时器1开始计时
 297   1              ET1 = 1;                                //使能定时器1中断
 298   1              
 299   1              PWMOUT1 = 1;
 300   1              PWMOUT2 = 1;
 301   1      }
C51 COMPILER V9.54   MAIN                                                                  12/11/2024 20:32:56 PAGE 6   

 302          
 303          void Timer0_Init(void)          //1000微秒@11.0592MHz
 304          {
 305   1              TMOD &= 0xF0;                   //设置定时器模式
 306   1              TMOD |= 0x01;                   //设置定时器模式
 307   1              TL0 = 0x66;                             //设置定时初始值
 308   1              TH0 = 0xFC;                             //设置定时初始值
 309   1              TF0 = 0;                                //清除TF0标志
 310   1              TR0 = 1;                                //定时器0开始计时
 311   1              ET0 = 1;                                //使能定时器0中断
 312   1              PT0 = 1;
 313   1      }
 314          
 315          void Nixie(unsigned char Location,Number)                       //数码管显示
 316          {
 317   1              switch(Location)
 318   1              {
 319   2                      case 1:P2_4=1;P2_3=1;P2_2=1;break;
 320   2                      case 2:P2_4=1;P2_3=1;P2_2=0;break;
 321   2                      case 3:P2_4=1;P2_3=0;P2_2=1;break;
 322   2                      case 4:P2_4=1;P2_3=0;P2_2=0;break;
 323   2                      case 5:P2_4=0;P2_3=1;P2_2=1;break;
 324   2                      case 6:P2_4=0;P2_3=1;P2_2=0;break;
 325   2                      case 7:P2_4=0;P2_3=0;P2_2=1;break;
 326   2                      case 8:P2_4=0;P2_3=0;P2_2=0;break;
 327   2              }
 328   1              P0=led_code[Number];
 329   1              Delay(1); 
 330   1              P0=0x00;
 331   1      }
 332          
 333          void main()
 334          {
 335   1              EA = 1;
 336   1              f1 = 10;
 337   1              DR1 = 50;
 338   1              f2 = 20;
 339   1              DR2 = 60;
 340   1              pwm(f1, DR1, f2, DR2);
 341   1              QS = f1;                                                                                                                        
 342   1              HS = DR1;
 343   1              while(1)
 344   1              {
 345   2                      temp1 = QS;
 346   2                      temp2 = HS;
 347   2                      for(i = 0; i < length; i++)                                                                     //前两位显示
 348   2                      {
 349   3                              display1[length - i - 1] = temp1 % 10;
 350   3                              temp1 /= 10;
 351   3                              Nixie(i + 1, display1[i]);
 352   3                      }
 353   2                      for(i = 0; i < length; i++)                                                                     //后两位显示
 354   2                      {
 355   3                              display2[length - i - 1] = temp2 % 10;
 356   3                              temp2 /= 10;
 357   3                              Nixie(i + 3, display2[i]);
 358   3                      }
 359   2                      
 360   2                      Nixie(8,state2 + 1);
 361   2                      Nixie(7,state);
 362   2                      Nixie(6,key+1);
 363   2                      if(Key5 == 0 && flag5 == 0)                                                             //独立5                                                         
C51 COMPILER V9.54   MAIN                                                                  12/11/2024 20:32:56 PAGE 7   

 364   2                      {
 365   3                              High5++;
 366   3                              if(High5 >= 1)                          //按下检测>=10ms
 367   3                              {
 368   4                                      High5 = 0;
 369   4                                      flag5 = 1;
 370   4                              }
 371   3                      }
 372   2                      else if(Key5 != 0 && flag5 == 1)
 373   2                      {
 374   3                              Low5++;
 375   3                              if(Low5 >= 1)                           //松开检测>=10ms
 376   3                              {
 377   4                                      state2++;
 378   4                                      state2 %= 2;
 379   4                                      flag5 = 0;
 380   4                              }
 381   3                      }
 382   2                      if(!state2)
 383   2                      {
 384   3      //                      pwm(f1, DR1, f2, DR2);
 385   3                              if(P3_1 == 0 && flag1 == 0)                                     //独1                                                                                   
 386   3                              {
 387   4                                      High1++;
 388   4                                      if(High1 >= 1)
 389   4                                      {
 390   5                                              High1 = 0;
 391   5                                              flag1 = 1;
 392   5                                      }
 393   4                              }
 394   3                              else if(P3_1 != 0 && flag1 == 1)
 395   3                              {
 396   4                                      Low1++;
 397   4                                      if(Low1 >= 1)
 398   4                                      {
 399   5                                              state++;
 400   5                                              if(state == 3) state = 1;
 401   5                                              flag1 = 0;
 402   5                                      }
 403   4                              }
 404   3                              switch(state)
 405   3                              {
 406   4                                      case 1:
 407   4                                      {
 408   5                                              QS = f1;                                                                                                                        
 409   5                                              HS = DR1;
 410   5                                              switch(key_multi())                                                                                                     //单双击 长摁
 411   5                                              {
 412   6                                                      case 21:                                                                                                                //独2单击
 413   6                                                      {
 414   7                                                              f1 += 10;
 415   7                                                              if(f1 > 50) f1 = 50;
 416   7                                                              pwm(f1, DR1, f2, DR2);
 417   7                                                      }break;
 418   6                                                      case 22:                                                                                                                //独2双击
 419   6                                                      {
 420   7                                                              f1 -= 10;
 421   7                                                              if(f1 < 10) f1 = 10;
 422   7                                                              pwm(f1, DR1, f2, DR2);
 423   7                                                      }break;
 424   6                                                      case 31:                                                                                                                //独3单击
 425   6                                                      {
C51 COMPILER V9.54   MAIN                                                                  12/11/2024 20:32:56 PAGE 8   

 426   7                                                              DR1 += 10;
 427   7                                                              if(DR1 > 90) DR1 = 90;
 428   7                                                              pwm(f1, DR1, f2, DR2);
 429   7                                                      }break;
 430   6                                                      case 32:                                                                                                                //独3双击
 431   6                                                      {
 432   7                                                              DR1 -= 10;
 433   7                                                              if(DR1 < 10) DR1 = 10;
 434   7                                                              pwm(f1, DR1, f2, DR2);
 435   7                                                      }break;
 436   6                                              }
 437   5                                      }break;
 438   4                                      case 2 :
 439   4                                      {
 440   5                                              QS = f2;                                                                                                                        
 441   5                                              HS = DR2;
 442   5                                              switch(key_multi())                                                                                                     //单双击 长摁
 443   5                                              {
 444   6                                                      case 21:                                                                                                                //独2单击
 445   6                                                      {
 446   7                                                              f2 += 10;
 447   7                                                              if(f2 > 50) f2 = 50;
 448   7                                                              pwm(f1, DR1, f2, DR2);
 449   7                                                      }break;
 450   6                                                      case 22:                                                                                                                //独2双击
 451   6                                                      {
 452   7                                                              f2 -= 10;
 453   7                                                              if(f2 < 10) f2 = 10;
 454   7                                                              pwm(f1, DR1, f2, DR2);
 455   7                                                      }break;
 456   6                                                      case 31:                                                                                                                //独3单击
 457   6                                                      {
 458   7                                                              DR2 += 10;
 459   7                                                              if(DR2 > 90) DR2 = 90;
 460   7                                                              pwm(f1, DR1, f2, DR2);
 461   7                                                      }break;
 462   6                                                      case 32:                                                                                                                //独3双击
 463   6                                                      {
 464   7                                                              DR2 -= 10;
 465   7                                                              if(DR2 < 10) DR2 = 10;
 466   7                                                              pwm(f1, DR1, f2, DR2);
 467   7                                                      }break;
 468   6                                              }
 469   5                                      }break;
 470   4                              }
 471   3                              
 472   3                              P1=0xFF;
 473   3                              P1_3=0;
 474   3                              if(P1_6==0 && flag3 == 0)                                       //5键存数据                                                                                     
 475   3                              {
 476   4                                      High3++;
 477   4                                      if(High3 >= 1)
 478   4                                      {
 479   5                                              High3 = 0;
 480   5                                              flag3 = 1;
 481   5                                      }
 482   4                              }
 483   3                              else if(P1_6!=0 && flag3 == 1)
 484   3                              {
 485   4                                      Low3++;
 486   4                                      if(Low3 >= 1)
 487   4                                      {
C51 COMPILER V9.54   MAIN                                                                  12/11/2024 20:32:56 PAGE 9   

 488   5                                              AT24C02_WriteByte(0,f1);
 489   5                                              Delay(5);
 490   5                                              AT24C02_WriteByte(1,DR1);
 491   5                                              Delay(5);
 492   5                                              AT24C02_WriteByte(2,f2);
 493   5                                              Delay(5);
 494   5                                              AT24C02_WriteByte(3,DR2);
 495   5                                              Delay(5);
 496   5                                              flag3 = 0;
 497   5                                      }
 498   4                              }
 499   3                              
 500   3                              P1=0xFF;
 501   3                              P1_0=0;
 502   3                              if(P1_6==0 && flag4 == 0)                                       //8键读数据                                                                                     
 503   3                              {
 504   4                                      High4++;
 505   4                                      if(High4 >= 1)
 506   4                                      {
 507   5                                              High4 = 0;
 508   5                                              flag4 = 1;
 509   5                                      }
 510   4                              }
 511   3                              else if(P1_6!=0 && flag4 == 1)
 512   3                              {
 513   4                                      Low4++;
 514   4                                      if(Low4 >= 1)
 515   4                                      {
 516   5                                              f1 = AT24C02_ReadByte(0);
 517   5                                              DR1 = AT24C02_ReadByte(1);
 518   5                                              f2 = AT24C02_ReadByte(2);
 519   5                                              DR2 = AT24C02_ReadByte(3);
 520   5                                              pwm(f1, DR1, f2, DR2);
 521   5                                              flag4 = 0;
 522   5                                      }
 523   4                              }
 524   3                      }
 525   2                      else
 526   2                      {
 527   3                              UART_Init();
 528   3                              Timer0_Init();
 529   3                              if(mood11 == 3)
 530   3                              {
 531   4                                      f1 = 1000 / (time14 - time12);
 532   4                                      DR1 = 100 * (time13 - time12) / (time14 - time12);
 533   4                                      time11 = 0;
 534   4                                      mood11 = 0;     
 535   4                              }
 536   3                              if(mood12 == 3)
 537   3                              {
 538   4                                      f2 = 1000 / (time24 - time22);
 539   4                                      DR2 = 100 * (time23 - time22) / (time24 - time22);
 540   4                                      time21 = 0;
 541   4                                      mood12 = 0;     
 542   4                              }
 543   3                              Lvbo(&f1,5);Lvbo(&DR1,9);Lvbo(&f2,5);Lvbo(&DR2,9);
 544   3                              
 545   3                              if(Key1 == 0 && flag1 == 0)                                                                                                                     
 546   3                              {
 547   4                                      High1++;
 548   4                                      if(High1 >= 1)                          //按下检测>=10ms
 549   4                                      {
C51 COMPILER V9.54   MAIN                                                                  12/11/2024 20:32:56 PAGE 10  

 550   5                                              High1 = 0;
 551   5                                              flag1 = 1;
 552   5                                      }
 553   4                              }
 554   3                              else if(Key1 != 0 && flag1 == 1)
 555   3                              {
 556   4                                      Low1++;
 557   4                                      if(Low1 >= 1)                           //松开检测>=10ms
 558   4                                      {
 559   5                                              key++;
 560   5                                              key %= 2;
 561   5                                              flag1 = 0;
 562   5                                      }
 563   4                              }
 564   3                              if(!key) {QS = f1;HS = DR1;}
 565   3                              else {QS = f2;HS = DR2;}
 566   3                              if(counter >= 1000)
 567   3                              {
 568   4                                      counter = 0;
 569   4                                      UART_SendByte1('c');UART_SendByte1('h');UART_SendByte1('1');UART_SendByte1(':');UART_SendByte1('f');UA
             -RT_SendByte1('=');
 570   4                                      UART_SendByte2(f1);
 571   4                                      UART_SendByte1(',');UART_SendByte1('d');UART_SendByte1('=');
 572   4                                      UART_SendByte2(DR1);
 573   4                                      UART_SendByte1(';');
 574   4                                      UART_SendByte1('c');UART_SendByte1('h');UART_SendByte1('2');UART_SendByte1(':');UART_SendByte1('f');UA
             -RT_SendByte1('=');
 575   4                                      UART_SendByte2(f2);
 576   4                                      UART_SendByte1(',');UART_SendByte1('d');UART_SendByte1('=');
 577   4                                      UART_SendByte2(DR2);
 578   4                                      UART_SendByte1(';');
 579   4                              }
 580   3                      }
 581   2                      Delay(10);
 582   2              }
 583   1      }


MODULE INFORMATION:   STATIC OVERLAYABLE
   CODE SIZE        =   2126    ----
   CONSTANT SIZE    =     10    ----
   XDATA SIZE       =   ----    ----
   PDATA SIZE       =   ----    ----
   DATA SIZE        =     62      17
   IDATA SIZE       =   ----    ----
   BIT SIZE         =   ----    ----
END OF MODULE INFORMATION.


C51 COMPILATION COMPLETE.  0 WARNING(S),  0 ERROR(S)
