C51 COMPILER V9.54   MAIN                                                                  12/11/2024 20:31:15 PAGE 1   


C51 COMPILER V9.54, COMPILATION OF MODULE MAIN
OBJECT MODULE PLACED IN .\Objects\main.obj
COMPILER INVOKED BY: E:\Keil5\C51\BIN\C51.EXE main.c OPTIMIZE(8,SPEED) BROWSE DEBUG OBJECTEXTEND PRINT(.\Listings\main.l
                    -st) OBJECT(.\Objects\main.obj)

line level    source

   1          #include <REGX52.H>
   2          #include "Delay.h"
   3          #include "key_multi.h"
   4          #include "UART.h"
   5          
   6          #define uchar unsigned char
   7          #define uint unsigned int
   8          #define length 2
   9          
  10          sbit PWMIN1 = P2^7;
  11          sbit PWMIN2 = P2^6;
  12          sbit Key1 = P1^3;
  13          sbit Key5 = P1^7;
  14          
  15          uchar state,key,High1,Low1,flag1,High5,Low5,flag5;
  16          uchar f1,DR1,f2,DR2,QS,HS,mood21,mood22,mood11,mood12;
  17          uchar time11,time12,time13,time14,lasts1,nows1,time21,time22,time23,time24,lasts2,nows2;
  18          uchar i,temp1,temp2,display1[length],display2[length];
  19          uint time,counter;
  20          
  21          uchar HighRH1,HighRL1,LowRH1,LowRL1,HighRH2,HighRL2,LowRH2,LowRL2,mood1,mood2;
  22          uchar count1,count2,state2;
  23          
  24          uchar code led_code1[] = {0x3F, 0x06, 0x5B, 0x4F, 0x66, 0x6D, 0x7D, 0x07, 0x7F, 0x6F};//原
  25          uchar code led_code2[] = {0x50, 0x5F, 0x32, 0x16, 0x1D, 0x94, 0x90, 0x5E, 0x10, 0x14, 0xEF};//0-9 .  新
  26          
  27          void Timer0_Isr(void) interrupt 1
  28          {
  29   1              if(!state)
  30   1              {
  31   2                      TL0 = 0x66;                             //设置定时初始值
  32   2                      TH0 = 0xFC;                             //设置定时初始值
  33   2                      counter++;
  34   2                      
  35   2                      time11++;               
  36   2                      lasts1 = nows1;                         //第一列波测波
  37   2                      nows1 = PWMIN1;
  38   2                      switch(mood11)
  39   2                      {
  40   3                              case 0:
  41   3                              {
  42   4                                      if(lasts1 == 0 && nows1 == 1)
  43   4                                      {
  44   5                                              time12 = time11;
  45   5                                              mood11 = 1;
  46   5                                      }
  47   4                              }break;
  48   3                              case 1:
  49   3                              {
  50   4                                      if(lasts1 == 1 && nows1 == 0 )
  51   4                                      {
  52   5                                              time13 = time11;
  53   5                                              mood11 = 2;
  54   5                                      }
C51 COMPILER V9.54   MAIN                                                                  12/11/2024 20:31:15 PAGE 2   

  55   4                              }break;
  56   3                              case 2:
  57   3                              {
  58   4                                      if(lasts1 == 0 && nows1 == 1 )
  59   4                                      {                                       
  60   5                                              time14 = time11;
  61   5                                              mood11 = 3;
  62   5                                      }
  63   4                              }break;
  64   3                      }
  65   2                      
  66   2                      time21++;               
  67   2                      lasts2 = nows2;                         //第二列波测波
  68   2                      nows2 = PWMIN2;
  69   2                      switch (mood12)
  70   2                      {
  71   3                              case 0:
  72   3                              {
  73   4                                      if(lasts2 == 0 && nows2 == 1)
  74   4                                      {
  75   5                                              time22 = time21;
  76   5                                              mood12 = 1;
  77   5                                      }
  78   4                              }break;
  79   3                              case 1:
  80   3                              {
  81   4                                      if(lasts2 == 1 && nows2 == 0 )
  82   4                                      {
  83   5                                              time23 = time21;
  84   5                                              mood12 = 2;
  85   5                                      }
  86   4                              }break;
  87   3                              case 2:
  88   3                              {
  89   4                                      if(lasts2 == 0 && nows2 == 1 )
  90   4                                      {                                       
  91   5                                              time24 = time21;
  92   5                                              mood12 = 3;
  93   5                                      }
  94   4                              }break;
  95   3                      }
  96   2              }
  97   1              else
  98   1              {
  99   2                      if(mood1 == 0)
 100   2                      {
 101   3                              if(PWMIN1 == 1)
 102   3                              {
 103   4                                      PWMIN1 = 0;
 104   4                                      TH0 = LowRH1;                           
 105   4                                      TL0 = LowRL1;
 106   4                              }
 107   3                              else
 108   3                              {
 109   4                                      PWMIN1 = 1;
 110   4                                      TH0 = HighRH1;                          
 111   4                                      TL0 = HighRL1;
 112   4                              }
 113   3                      }
 114   2                      else
 115   2                      {
 116   3                              if(PWMIN1 == 1)
C51 COMPILER V9.54   MAIN                                                                  12/11/2024 20:31:15 PAGE 3   

 117   3                              {
 118   4                                      if(count1 == 10)
 119   4                                      {
 120   5                                              count1 = 0;
 121   5                                              TH0 = LowRH1;                           
 122   5                                              TL0 = LowRL1;
 123   5                                              PWMIN1 = 0;
 124   5                                      }
 125   4                                      else
 126   4                                      {
 127   5                                              TH0 = HighRH1;                          
 128   5                                              TL0 = HighRL1;
 129   5                                              count1++;
 130   5                                      }
 131   4                              }
 132   3                              else
 133   3                              {
 134   4      
 135   4                                      if(count1 == 10)
 136   4                                      {
 137   5                                              count1 = 0;
 138   5                                              TH0 = HighRH1;                          
 139   5                                              TL0 = HighRL1;
 140   5                                              PWMIN1 = 1;
 141   5                                      }
 142   4                                      else
 143   4                                      {
 144   5                                              TH0 = LowRH1;                           
 145   5                                              TL0 = LowRL1;
 146   5                                              count1++;
 147   5                                      }
 148   4                              }       
 149   3                      }
 150   2              }
 151   1      }
 152          
 153          void Timer1_Isr(void) interrupt 3
 154          {
 155   1              if(mood2 == 0)
 156   1              {
 157   2                              if(PWMIN2 == 1)
 158   2                              {
 159   3                                      TH1 = LowRH2;                           
 160   3                                      TL1 = LowRL2;
 161   3                                      PWMIN2 = 0;
 162   3                              }
 163   2                              else
 164   2                              {
 165   3                                      TH1 = HighRH2;                          
 166   3                                      TL1 = HighRL2;
 167   3                                      PWMIN2 = 1;
 168   3                              }
 169   2              }
 170   1              else
 171   1              {
 172   2                      if(PWMIN2 == 1)
 173   2                      {
 174   3                              if(count2 == 10)
 175   3                              {
 176   4                                      count2 = 0;
 177   4                                      TH0 = LowRH2;                           
 178   4                                      TL0 = LowRL2;
C51 COMPILER V9.54   MAIN                                                                  12/11/2024 20:31:15 PAGE 4   

 179   4                                      PWMIN2 = 0;
 180   4                              }
 181   3                              else
 182   3                              {
 183   4                                      TH0 = HighRH2;                          
 184   4                                      TL0 = HighRL2;
 185   4                                      count2++;
 186   4                              }
 187   3                              
 188   3                      }
 189   2                      else
 190   2                      {
 191   3                              if(count2 == 10)
 192   3                              {
 193   4                                      count2 = 0;
 194   4                                      TH0 = HighRH2;                          
 195   4                                      TL0 = HighRL2;
 196   4                                      PWMIN2 = 1;
 197   4                              }
 198   3                              else
 199   3                              {
 200   4                                      TH0 = LowRH2;                           
 201   4                                      TL0 = LowRL2;
 202   4                                      count2++;
 203   4                              }
 204   3                      }       
 205   2              }
 206   1      }
 207          
 208          void Timer0_Init(void)          //1000微秒@11.0592MHz
 209          {
 210   1              TMOD &= 0xF0;                   //设置定时器模式
 211   1              TMOD |= 0x01;                   //设置定时器模式
 212   1              TL0 = 0x66;                             //设置定时初始值
 213   1              TH0 = 0xFC;                             //设置定时初始值
 214   1              TF0 = 0;                                //清除TF0标志
 215   1              TR0 = 1;                                //定时器0开始计时
 216   1              ET0 = 1;                                //使能定时器0中断
 217   1              PT0 = 1;
 218   1      }
 219          
 220          void pwm(uchar fr1, DC1, fr2, DC2)
 221          {
 222   1              uint high1, low1, highload1, lowload1;
 223   1              uint high2, low2, highload2, lowload2;
 224   1              unsigned long tmp1, tmp2;
 225   1              
 226   1              tmp1 = (921600) / fr1;                          //周期 11059200 / 12
 227   1              tmp2 = (921600) / fr2;                          //周期 11059200 / 12
 228   1              if(fr1 == 10 && DC1 == 80)
 229   1              {
 230   2                      tmp1 /= 10;     
 231   2                      mood1 = 1;
 232   2              }
 233   1              else if(fr1 == 10 && DC1 == 90)
 234   1              {
 235   2                      tmp1 /= 10;     
 236   2                      mood1 = 1;
 237   2              }
 238   1              else mood1 = 0;
 239   1              if(fr2 == 10 && DC2 == 80)
 240   1              {
C51 COMPILER V9.54   MAIN                                                                  12/11/2024 20:31:15 PAGE 5   

 241   2                      tmp2 /= 10;     
 242   2                      mood2 = 1;
 243   2              }
 244   1              else if(fr2 == 10 && DC2 == 90)
 245   1              {
 246   2                      tmp2 /= 10;     
 247   2                      mood2 = 1;
 248   2              }
 249   1              else mood2 = 0;
 250   1              high1 = (tmp1 * DC1) / 100;
 251   1              low1 = tmp1 - high1;
 252   1              highload1 = 65536 - high1 + 40;
 253   1              lowload1 = 65536 - low1 + 40;
 254   1              
 255   1              HighRH1 = (uchar)(highload1 / 256);
 256   1              HighRL1 = (uchar)(highload1 % 256);
 257   1              LowRH1 = (uchar)(lowload1 / 256);
 258   1              LowRL1 = (uchar)(lowload1 % 256);
 259   1              
 260   1              
 261   1              high2 = (tmp2 * DC2) / 100;
 262   1              low2 = tmp2 - high2;
 263   1              highload2 = 65536 - high2 + 11;
 264   1              lowload2 = 65536 - low2 + 11;
 265   1              
 266   1              HighRH2 = (uchar)(highload2 / 256);
 267   1              HighRL2 = (uchar)(highload2 % 256);
 268   1              LowRH2 = (uchar)(lowload2 / 256);
 269   1              LowRL2 = (uchar)(lowload2 % 256);
 270   1              
 271   1              TMOD &= 0x00;                   //设置定时器模式
 272   1              TMOD |= 0x11;                   //设置定时器模式
 273   1              TH0 = HighRH1;                          //设置定时初始值
 274   1              TL0 = HighRL1;                          //设置定时初始值
 275   1              TL1 = HighRL2;                          //设置定时初始值
 276   1              TH1 = HighRH2;                          //设置定时初始值
 277   1              TR0 = 1;                                //定时器0开始计时
 278   1              ET0 = 1;                                //使能定时器0中断
 279   1              TR1 = 1;                                //定时器1开始计时
 280   1              ET1 = 1;                                //使能定时器1中断
 281   1              
 282   1              PWMIN1 = 1;
 283   1              PWMIN2 = 1;
 284   1      }
 285          
 286          void Nixie(unsigned char Location, Number)                      //数码管显示
 287          {
 288   1              switch(Location)
 289   1              {
 290   2                      case 1:P3_5=0;P3_4=0;P3_3=0;P3_2=1;break;
 291   2                      case 2:P3_5=0;P3_4=0;P3_3=1;P3_2=0;break;
 292   2                      case 3:P3_5=0;P3_4=1;P3_3=0;P3_2=0;break;
 293   2                      case 4:P3_5=1;P3_4=0;P3_3=0;P3_2=0;break;
 294   2              }
 295   1              P0 = led_code2[Number];
 296   1              Delay(1); 
 297   1              P0 = 0xFF;
 298   1      }
 299          
 300          void Lvbo(uchar *n,num)
 301          {
 302   1              for(i = 1; i < num + 1; i++)
C51 COMPILER V9.54   MAIN                                                                  12/11/2024 20:31:15 PAGE 6   

 303   1              {
 304   2                      if(*n > (10 * i - 5) && *n < (10 * i + 5)) *n = 10 * i;
 305   2              }
 306   1      }
 307          
 308          void main()
 309          {
 310   1              EA = 1;
 311   1              UART_Init();
 312   1              Timer0_Init();
 313   1              f1 = 10;
 314   1              DR1 = 50;
 315   1              f2 = 20;
 316   1              DR2 = 60;
 317   1              QS = f1;
 318   1              HS = DR1;
 319   1              while(1)
 320   1              {
 321   2                      if(Key5 == 0 && flag5 == 0)                                                             //独立5                                                         
 322   2                      {
 323   3                              High5++;
 324   3                              if(High5 >= 1)                          //按下检测>=10ms
 325   3                              {
 326   4                                      High5 = 0;
 327   4                                      flag5 = 1;
 328   4                              }
 329   3                      }
 330   2                      else if(Key5 != 0 && flag5 == 1)
 331   2                      {
 332   3                              Low5++;
 333   3                              if(Low5 >= 1)                           //松开检测>=10ms
 334   3                              {
 335   4                                      state++;
 336   4                                      state %= 2;
 337   4                                      P2_5 =~ P2_5;
 338   4                                      flag5 = 0;
 339   4                              }
 340   3                      }
 341   2                      
 342   2                      switch(state)
 343   2                      {
 344   3                              case 0:
 345   3                              {
 346   4      //                              UART_Init();
 347   4      //                              Timer0_Init();
 348   4                                      if(mood11 == 3)
 349   4                                      {
 350   5                                              f1 = 1000 / (time14 - time12);
 351   5                                              DR1 = 100 * (time13 - time12) / (time14 - time12);
 352   5                                              time11 = 0;
 353   5                                              mood11 = 0;     
 354   5                                      }
 355   4                                      if(mood12 == 3)
 356   4                                      {
 357   5                                              f2 = 1000 / (time24 - time22);
 358   5                                              DR2 = 100 * (time23 - time22) / (time24 - time22);
 359   5                                              time21 = 0;
 360   5                                              mood12 = 0;     
 361   5                                      }
 362   4                                      Lvbo(&f1,5);Lvbo(&DR1,9);Lvbo(&f2,5);Lvbo(&DR2,9);
 363   4                                      
 364   4                                      if(Key1 == 0 && flag1 == 0)                                                             //独立1                                                         
C51 COMPILER V9.54   MAIN                                                                  12/11/2024 20:31:15 PAGE 7   

 365   4                                      {
 366   5                                              High1++;
 367   5                                              if(High1 >= 1)                          //按下检测>=10ms
 368   5                                              {
 369   6                                                      High1 = 0;
 370   6                                                      flag1 = 1;
 371   6                                              }
 372   5                                      }
 373   4                                      else if(Key1 != 0 && flag1 == 1)
 374   4                                      {
 375   5                                              Low1++;
 376   5                                              if(Low1 >= 1)                           //松开检测>=10ms
 377   5                                              {
 378   6                                                      key++;
 379   6                                                      key %= 2;
 380   6                                                      P2_0 =~ P2_0;
 381   6                                                      flag1 = 0;
 382   6                                              }
 383   5                                      }
 384   4                                      if(!key) {QS = f1;HS = DR1;}
 385   4                                      else {QS = f2;HS = DR2;}
 386   4                              }break;
 387   3                              case 1:
 388   3                              {
 389   4      //                              pwm(f1, DR1, f2, DR2);
 390   4                                      if(P1_3 == 0 && flag1 == 0)                                     //独1                                                                                   
 391   4                                      {
 392   5                                              High1++;
 393   5                                              if(High1 >= 1)
 394   5                                              {
 395   6                                                      High1 = 0;
 396   6                                                      flag1 = 1;
 397   6                                              }
 398   5                                      }
 399   4                                      else if(P1_3 != 0 && flag1 == 1)
 400   4                                      {
 401   5                                              Low1++;
 402   5                                              if(Low1 >= 1)
 403   5                                              {
 404   6                                                      state2++;
 405   6                                                      state2 %= 2;
 406   6                                                      P2_0 =~ P2_0;
 407   6                                                      flag1 = 0;
 408   6                                              }
 409   5                                      }
 410   4                                      switch(state2)
 411   4                                      {
 412   5                                              case 0:
 413   5                                              {
 414   6                                                      QS = f1;                                                                                                                        
 415   6                                                      HS = DR1;
 416   6                                                      switch(key_multi())                                                                                                     //单双击 长摁
 417   6                                                      {
 418   7                                                              case 21:                                                                                                                //独2单击
 419   7                                                              {
 420   8                                                                      f1 += 10;
 421   8                                                                      if(f1 > 50) f1 = 50;
 422   8                                                                      pwm(f1, DR1, f2, DR2);
 423   8                                                              }break;
 424   7                                                              case 22:                                                                                                                //独2双击
 425   7                                                              {
 426   8                                                                      f1 -= 10;
C51 COMPILER V9.54   MAIN                                                                  12/11/2024 20:31:15 PAGE 8   

 427   8                                                                      if(f1 < 10) f1 = 10;
 428   8                                                                      pwm(f1, DR1, f2, DR2);
 429   8                                                              }break;
 430   7                                                              case 31:                                                                                                                //独3单击
 431   7                                                              {
 432   8                                                                      DR1 += 10;
 433   8                                                                      if(DR1 > 90) DR1 = 90;
 434   8                                                                      pwm(f1, DR1, f2, DR2);
 435   8                                                              }break;
 436   7                                                              case 32:                                                                                                                //独3双击
 437   7                                                              {
 438   8                                                                      DR1 -= 10;
 439   8                                                                      if(DR1 < 10) DR1 = 10;
 440   8                                                                      pwm(f1, DR1, f2, DR2);
 441   8                                                              }break;
 442   7                                                      }
 443   6                                              }break;
 444   5                                              case 1:
 445   5                                              {
 446   6                                                      QS = f2;                                                                                                                        
 447   6                                                      HS = DR2;
 448   6                                                      switch(key_multi())                                                                                                     //单双击 长摁
 449   6                                                      {
 450   7                                                              case 21:                                                                                                                //独2单击
 451   7                                                              {
 452   8                                                                      f2 += 10;
 453   8                                                                      if(f2 > 50) f2 = 50;
 454   8                                                                      pwm(f1, DR1, f2, DR2);
 455   8                                                              }break;
 456   7                                                              case 22:                                                                                                                //独2双击
 457   7                                                              {
 458   8                                                                      f2 -= 10;
 459   8                                                                      if(f2 < 10) f2 = 10;
 460   8                                                                      pwm(f1, DR1, f2, DR2);
 461   8                                                              }break;
 462   7                                                              case 31:                                                                                                                //独3单击
 463   7                                                              {
 464   8                                                                      DR2 += 10;
 465   8                                                                      if(DR2 > 90) DR2 = 90;
 466   8                                                                      pwm(f1, DR1, f2, DR2);
 467   8                                                              }break;
 468   7                                                              case 32:                                                                                                                //独3双击
 469   7                                                              {
 470   8                                                                      DR2 -= 10;
 471   8                                                                      if(DR2 < 10) DR2 = 10;
 472   8                                                                      pwm(f1, DR1, f2, DR2);
 473   8                                                              }break;
 474   7                                                      }
 475   6                                              }break;
 476   5                                      }
 477   4                              }break;
 478   3                      }
 479   2                      
 480   2                      Delay(10);
 481   2                      temp1 = QS;
 482   2                      temp2 = HS;
 483   2                      for(i = 0; i < length; i++)                                                                     //前两位显示
 484   2                      {
 485   3                              display1[length - i - 1] = temp1 % 10;
 486   3                              temp1 /= 10;
 487   3                              Nixie(i + 1, display1[i]);
 488   3                      }
C51 COMPILER V9.54   MAIN                                                                  12/11/2024 20:31:15 PAGE 9   

 489   2                      for(i = 0; i < length; i++)                                                                     //后两位显示
 490   2                      {
 491   3                              display2[length - i - 1] = temp2 % 10;
 492   3                              temp2 /= 10;
 493   3                              Nixie(i + 3, display2[i]);
 494   3                      }
 495   2                      
 496   2                      if(counter >= 1000)
 497   2                      {
 498   3                              counter = 0;
 499   3      //                      P2_0 =~ P2_0;
 500   3                              UART_SendByte1('c');UART_SendByte1('h');UART_SendByte1('1');UART_SendByte1(':');UART_SendByte1('f');UAR
             -T_SendByte1('=');
 501   3                              UART_SendByte2(f1);
 502   3                              UART_SendByte1(',');UART_SendByte1('d');UART_SendByte1('=');
 503   3                              UART_SendByte2(DR1);
 504   3                              UART_SendByte1(';');
 505   3                              UART_SendByte1('c');UART_SendByte1('h');UART_SendByte1('2');UART_SendByte1(':');UART_SendByte1('f');UAR
             -T_SendByte1('=');
 506   3                              UART_SendByte2(f2);
 507   3                              UART_SendByte1(',');UART_SendByte1('d');UART_SendByte1('=');
 508   3                              UART_SendByte2(DR2);
 509   3                              UART_SendByte1(';');
 510   3                      }
 511   2              }
 512   1      }


MODULE INFORMATION:   STATIC OVERLAYABLE
   CODE SIZE        =   1766    ----
   CONSTANT SIZE    =     21    ----
   XDATA SIZE       =   ----    ----
   PDATA SIZE       =   ----    ----
   DATA SIZE        =     54      17
   IDATA SIZE       =   ----    ----
   BIT SIZE         =   ----    ----
END OF MODULE INFORMATION.


C51 COMPILATION COMPLETE.  0 WARNING(S),  0 ERROR(S)
