C51 COMPILER V9.54   UART                                                                  12/11/2024 20:31:15 PAGE 1   


C51 COMPILER V9.54, COMPILATION OF MODULE UART
OBJECT MODULE PLACED IN .\Objects\UART.obj
COMPILER INVOKED BY: E:\Keil5\C51\BIN\C51.EXE UART.c OPTIMIZE(8,SPEED) BROWSE DEBUG OBJECTEXTEND PRINT(.\Listings\UART.l
                    -st) OBJECT(.\Objects\UART.obj)

line level    source

   1          #include <REGX52.H>
   2          #include "Delay.h"
   3          #include <stdio.h>
   4          
   5          /**
   6            * @brief  串口初始化，4800bps@12.000MHz
   7            * @param  无
   8            * @retval 无
   9            */
  10          void UART_Init()        //4800bps@11.0592MHz
  11          {
  12   1              PCON |= 0x80;           //使能波特率倍速位SMOD
  13   1              SCON = 0x50;            //8位数据,可变波特率
  14   1              TMOD &= 0x0F;           //设置定时器模式
  15   1              TMOD |= 0x20;           //设置定时器模式
  16   1              TL1 = 0xF4;                     //设置定时初始值
  17   1              TH1 = 0xF4;                     //设置定时重载值
  18   1              ET1 = 0;                        //禁止定时器中断
  19   1              TR1 = 1;                        //定时器1开始计时
  20   1      //      EA = 1;                         //开启总中断
  21   1              ES = 1;                         //开启串口总中断
  22   1      //      PT1 = 1;
  23   1      }
  24          
  25          
  26          /**
  27            * @brief  串口发送一个字节数据
  28            * @param  Byte 要发送的一个字节数据
  29            * @retval 无
  30            */
  31          //void UART_SendByte(unsigned char Byte)
  32          //{
  33          //      SBUF=Byte;
  34          //      while(TI==0);
  35          //      TI=0;
  36          //}
  37          
  38          void UART_SendByte1(unsigned char Byte)                 //发送一字节
  39          {
  40   1              SBUF = Byte;
  41   1              while(TI == 0);
  42   1              TI = 0;
  43   1      }
  44          
  45          void UART_SendByte2(unsigned int number)                // 发送十进制数
  46          {
  47   1          char str[10],i;
  48   1              sprintf(str, "%u", number);             // 将十进制数转换为字符串
  49   1          for(i = 0; str[i] != '\0'; i++)
  50   1              {
  51   2              SBUF = str[i];          
  52   2              while(TI == 0);                 
  53   2              TI = 0;                 
  54   2              }
C51 COMPILER V9.54   UART                                                                  12/11/2024 20:31:15 PAGE 2   

  55   1      }
  56          
  57          //串口中断函数模板
  58          //void UART_Routine() interrupt 4
  59          //{
  60          //      unsigned char str2[10];
  61          //      if(TI==1)
  62          //      {
  63          //              TI=0;
  64          //      }
  65          //              char rchar = SBUF; 
  66          //              RI = 0;
  67          //              if (rchar >= '0' && rchar <= '9') 
  68          //              {
  69          //                      str2[p++] = rchar; 
  70          //                      if (p >= 10) 
  71          //                      { 
  72          //                              p = 0;
  73          //                      }
  74          //              } 
  75          //              else 
  76          //              {
  77          //                      if (p > 0) 
  78          //                      {
  79          //                              str2[p] = '\0'; 
  80          //                              m = atoi(str2); 
  81          //                              p = 0; 
  82          //                      }
  83          //              }
  84          //      }
  85          //}
  86          


MODULE INFORMATION:   STATIC OVERLAYABLE
   CODE SIZE        =     75    ----
   CONSTANT SIZE    =      3    ----
   XDATA SIZE       =   ----    ----
   PDATA SIZE       =   ----    ----
   DATA SIZE        =   ----      10
   IDATA SIZE       =   ----    ----
   BIT SIZE         =   ----    ----
END OF MODULE INFORMATION.


C51 COMPILATION COMPLETE.  0 WARNING(S),  0 ERROR(S)
