C51 COMPILER V9.54   MAIN                                                                  11/04/2024 22:25:25 PAGE 1   


C51 COMPILER V9.54, COMPILATION OF MODULE MAIN
OBJECT MODULE PLACED IN .\Objects\main.obj
COMPILER INVOKED BY: E:\Keil5\C51\BIN\C51.EXE main.c LARGE OPTIMIZE(8,SPEED) BROWSE DEBUG OBJECTEXTEND PRINT(.\Listings\
                    -main.lst) OBJECT(.\Objects\main.obj)

line level    source

   1          #include <REGX52.H>
   2          #include "Delay.h"
   3          #include "key_multi.h"
   4          #include "UART.h"
   5          #include "AT24C02.h"
   6          #include <stdio.h>
   7          #include <stdlib.h>
   8          
   9          #define uchar unsigned char
  10          #define uint unsigned int
  11          #define length 4
  12          
  13          sbit PWMOUT = P2^0;
  14          sbit PWMOUT2 = P2^7;
  15          
  16          uchar f,DR,i,state,Loc,Num,t,p,count1,count2 = 20;                                                                      //f：频率  DR：占空比
  17          uchar flag1,flag2,flag3,flag4,flag5,High1,High2,High3,High4,High5,Low1,Low2,Low3,Low4,Low5;
  18          uchar display1[length],display2[length],str[10];
  19          uchar HighRH,HighRL,LowRH,LowRL;
  20          uint QS,HS,temp1,temp2,count;
  21          
  22          uchar code led_code[] = {0x3F, 0x06, 0x5B, 0x4F, 0x66, 0x6D, 0x7D, 0x07, 0x7F, 0x6F};
  23          
  24          void Timer0_Isr(void) interrupt 1
  25          {
  26   1              if(PWMOUT == 1)
  27   1              {
  28   2                      TH0 = HighRH;                           
  29   2                      TL0 = HighRL;
  30   2                      count1++;
  31   2                      if(count1 == 100)
  32   2                      {
  33   3                              count1 = 0;
  34   3                              TH0 = LowRH;                            
  35   3                              TL0 = LowRL;
  36   3                              PWMOUT = 0;
  37   3                      }
  38   2              }
  39   1              else
  40   1              {
  41   2                      TH0 = LowRH;                            
  42   2                      TL0 = LowRL;
  43   2                      count1++;
  44   2                      if(count1 == 100)
  45   2                      {
  46   3                              count1 = 0;
  47   3                              TH0 = HighRH;                           
  48   3                              TL0 = HighRL;
  49   3                              PWMOUT = 1;
  50   3                      }
  51   2              }
  52   1              
  53   1              if(PWMOUT2 == 1)
  54   1              {
C51 COMPILER V9.54   MAIN                                                                  11/04/2024 22:25:25 PAGE 2   

  55   2                      TH0 = HighRH;                           
  56   2                      TL0 = HighRL;
  57   2                      count2++;
  58   2                      if(count2 == 100)
  59   2                      {
  60   3                              count2 = 0;
  61   3                              TH0 = LowRH;                            
  62   3                              TL0 = LowRL;
  63   3                              PWMOUT2 = 0;
  64   3                      }
  65   2              }
  66   1              else
  67   1              {
  68   2                      TH0 = LowRH;                            
  69   2                      TL0 = LowRL;
  70   2                      count2++;
  71   2                      if(count2 == 100)
  72   2                      {
  73   3                              count2 = 0;
  74   3                              TH0 = HighRH;                           
  75   3                              TL0 = HighRL;
  76   3                              PWMOUT2 = 1;
  77   3                      }
  78   2              }
  79   1      }
  80          
  81          void pwm(uchar fr, DC)
  82          {
  83   1              uint high, low, highload, lowload;
  84   1              unsigned long tmp;
  85   1              
  86   1              tmp = (921600) / fr;                            //周期 1105920 / 12
  87   1              tmp /= 100;
  88   1              high = (tmp * DC) / 100;
  89   1              low = tmp - high;
  90   1              highload = 65536 - high + 11;
  91   1              lowload = 65536 - low + 11;
  92   1              
  93   1              HighRH = (uchar)(highload / 256);
  94   1              HighRL = (uchar)(highload % 256);
  95   1              LowRH = (uchar)(lowload / 256);
  96   1              LowRL = (uchar)(lowload % 256);
  97   1              
  98   1              
  99   1              TMOD &= 0xF0;                   //设置定时器模式
 100   1              TMOD |= 0x01;                   //设置定时器模式
 101   1              TH0 = HighRH;                           //设置定时初始值
 102   1              TL0 = HighRL;                           //设置定时初始值
 103   1              TR0 = 1;                                //定时器0开始计时
 104   1              ET0 = 1;                                //使能定时器0中断
 105   1              EA = 1;                                 //开启总中断
 106   1              
 107   1              PWMOUT = 1;
 108   1      
 109   1              PWMOUT2 = 1;
 110   1      }
 111          
 112          void Nixie(unsigned char Location,Number)                       //数码管显示
 113          {
 114   1              switch(Location)
 115   1              {
 116   2                      case 1:P2_4=1;P2_3=1;P2_2=1;break;
C51 COMPILER V9.54   MAIN                                                                  11/04/2024 22:25:25 PAGE 3   

 117   2                      case 2:P2_4=1;P2_3=1;P2_2=0;break;
 118   2                      case 3:P2_4=1;P2_3=0;P2_2=1;break;
 119   2                      case 4:P2_4=1;P2_3=0;P2_2=0;break;
 120   2                      case 5:P2_4=0;P2_3=1;P2_2=1;break;
 121   2                      case 6:P2_4=0;P2_3=1;P2_2=0;break;
 122   2                      case 7:P2_4=0;P2_3=0;P2_2=1;break;
 123   2                      case 8:P2_4=0;P2_3=0;P2_2=0;break;
 124   2              }
 125   1              P0=led_code[Number];
 126   1              Delay(1); 
 127   1              P0=0x00;
 128   1      }
 129          
 130          void UART_Routine() interrupt 4
 131          {
 132   1              if(RI == 1)
 133   1              {
 134   2                      char a = SBUF;
 135   2                      if(a == 'f') state = 1;
 136   2                      else if(a == 'd') state = 2;
 137   2                      RI = 0;
 138   2                      switch(state)
 139   2                      {
 140   3                              case 1:
 141   3                              {
 142   4                                      char rchar1 = SBUF; 
 143   4                                      if (rchar1 >= '0' && rchar1 <= '9') 
 144   4                                      {
 145   5                                              str[p++] = rchar1; 
 146   5                                              if (p >= 10) 
 147   5                                              { 
 148   6                                                      p = 0;
 149   6                                              }
 150   5                                      } 
 151   4                                      else 
 152   4                                      {
 153   5                                              if (p > 0) 
 154   5                                              {
 155   6                                                      str[p] = '\0'; 
 156   6                                                      f = atoi(str); 
 157   6                                                      p = 0; 
 158   6                                              }
 159   5                                      }
 160   4                              }break;
 161   3                              case 2:
 162   3                              {
 163   4                                      char rchar2 = SBUF; 
 164   4                                      if (rchar2 >= '0' && rchar2 <= '9') 
 165   4                                      {
 166   5                                              str[p++] = rchar2; 
 167   5                                              if (p >= 10) 
 168   5                                              { 
 169   6                                                      p = 0;
 170   6                                              }
 171   5                                      } 
 172   4                                      else 
 173   4                                      {
 174   5                                              if (p > 0) 
 175   5                                              {
 176   6                                                      str[p] = '\0'; 
 177   6                                                      DR = atoi(str); 
 178   6                                                      p = 0; 
C51 COMPILER V9.54   MAIN                                                                  11/04/2024 22:25:25 PAGE 4   

 179   6                                              }
 180   5                                      }
 181   4                              }break;
 182   3                      }
 183   2              }
 184   1      }
 185          
 186          void main()
 187          {
 188   1              f = 10;
 189   1              DR = 50;
 190   1              pwm(f, DR);
 191   1              QS = f;                                                                                                                 
 192   1              HS = DR;
 193   1              UART_Init();
 194   1              while(1)
 195   1              {
 196   2                      temp1 = QS;
 197   2                      temp2 = HS;
 198   2                      for(i = 0; i < length; i++)                                                                     //前四位显示
 199   2                      {
 200   3                              display1[length - i - 1] = temp1 % 10;
 201   3                              temp1 /= 10;
 202   3                              Nixie(i + 1, display1[i]);
 203   3                      }
 204   2                      
 205   2                      for(i = 0; i < length; i++)                                                                     //后四位显示
 206   2                      {
 207   3                              display2[length - i - 1] = temp2 % 10;
 208   3                              temp2 /= 10;
 209   3                              Nixie(i + 5, display2[i]);
 210   3                      }
 211   2                      if(QS == 1111)          //模式一
 212   2                      {
 213   3                              HS = f;
 214   3                              
 215   3                              P1=0xFF;
 216   3                              P1_3=0;
 217   3                              if(P1_7==0 && flag1 == 0)                                       //1键                                                                                   //1键
 218   3                              {
 219   4                                      High1++;
 220   4                                      if(High1 >= 1)
 221   4                                      {
 222   5                                              High1 = 0;
 223   5                                              flag1 = 1;
 224   5                                      }
 225   4                              }
 226   3                              else if(P1_7!=0 && flag1 == 1)
 227   3                              {
 228   4                                      Low1++;
 229   4                                      if(Low1 >= 1)
 230   4                                      {
 231   5                                              if(f > 40) f -= 40 ;
 232   5                                              else f += 10;
 233   5                                              pwm(f, DR);
 234   5                                              flag1 = 0;
 235   5                                      }
 236   4                              }
 237   3                              
 238   3                              P1=0xFF;
 239   3                              P1_0=0;
 240   3                              if(P1_7==0 && flag2 == 0)                                                       //4键                                                                   //1键
C51 COMPILER V9.54   MAIN                                                                  11/04/2024 22:25:25 PAGE 5   

 241   3                              {
 242   4                                      High2++;
 243   4                                      if(High2 >= 1)
 244   4                                      {
 245   5                                              High2 = 0;
 246   5                                              flag2 = 1;
 247   5                                      }
 248   4                              }
 249   3                              else if(P1_7!=0 && flag2 == 1)
 250   3                              {
 251   4                                      Low2++;
 252   4                                      if(Low2 >= 1)
 253   4                                      {
 254   5                                              if(f == 50) f -= 49;
 255   5                                              else f += 1;
 256   5                                              pwm(f, DR);
 257   5                                              flag2 = 0;
 258   5                                      }
 259   4                              }
 260   3                      }
 261   2                      else if(QS == 2222)
 262   2                      {
 263   3                              HS = DR;
 264   3                              
 265   3                              P1=0xFF;
 266   3                              P1_3=0;
 267   3                              if(P1_7==0 && flag1 == 0)                                                                                                                               //1键
 268   3                              {
 269   4                                      High1++;
 270   4                                      if(High1 >= 1)
 271   4                                      {
 272   5                                              High1 = 0;
 273   5                                              flag1 = 1;
 274   5                                      }
 275   4                              }
 276   3                              else if(P1_7!=0 && flag1 == 1)
 277   3                              {
 278   4                                      Low1++;
 279   4                                      if(Low1 >= 1)
 280   4                                      {
 281   5                                              if(DR > 90) DR = 100;
 282   5                                              else DR += 10;
 283   5                                              pwm(f, DR);
 284   5                                              flag1 = 0;
 285   5                                      }
 286   4                              }
 287   3                              P1=0xFF;
 288   3                              P1_0=0;
 289   3                              if(P1_7==0 && flag2 == 0)                                                                                                                               //1键
 290   3                              {
 291   4                                      High2++;
 292   4                                      if(High2 >= 1)
 293   4                                      {
 294   5                                              High2 = 0;
 295   5                                              flag2 = 1;
 296   5                                      }
 297   4                              }
 298   3                              else if(P1_7!=0 && flag2 == 1)
 299   3                              {
 300   4                                      Low2++;
 301   4                                      if(Low2 >= 1)
 302   4                                      {
C51 COMPILER V9.54   MAIN                                                                  11/04/2024 22:25:25 PAGE 6   

 303   5                                              if(DR < 10 ) DR = 0;
 304   5                                              else DR -= 10;
 305   5                                              pwm(f, DR);
 306   5                                              flag2 = 0;
 307   5                                      }
 308   4                              }
 309   3                      }
 310   2                      else
 311   2                      {
 312   3                              QS = f;                                                                                                                 
 313   3                              HS = DR;
 314   3                      }
 315   2                      
 316   2                      switch(key_multi())                                                                                                     //单双击 长摁
 317   2                      {
 318   3                              case 41:                                                                                                                //单击
 319   3                              {
 320   4                                      QS = 1111;
 321   4                                      HS = f;
 322   4                              }break;
 323   3                              case 42:                                                                                                                //双击
 324   3                              {
 325   4                                      QS = 2222;
 326   4                                      HS = DR;
 327   4                              }break;
 328   3                              case 43:                                                                                                                //长摁
 329   3                              {
 330   4                                      QS = f;
 331   4                                      HS = DR;
 332   4                              }break;
 333   3                      }
 334   2                      
 335   2                      P1=0xFF;
 336   2                      P1_3=0;
 337   2                      if(P1_6==0 && flag3 == 0)                                       //5键存数据                                                                                     //1键
 338   2                      {
 339   3                              High3++;
 340   3                              if(High3 >= 1)
 341   3                              {
 342   4                                      High3 = 0;
 343   4                                      flag3 = 1;
 344   4                              }
 345   3                      }
 346   2                      else if(P1_6!=0 && flag3 == 1)
 347   2                      {
 348   3                              Low3++;
 349   3                              if(Low3 >= 1)
 350   3                              {
 351   4                                      AT24C02_WriteByte(0,f);
 352   4                                      Delay(5);
 353   4                                      AT24C02_WriteByte(1,DR);
 354   4                                      Delay(5);
 355   4                                      flag3 = 0;
 356   4                              }
 357   3                      }
 358   2                      P1=0xFF;
 359   2                      P1_0=0;
 360   2                      if(P1_6==0 && flag4 == 0)                                       //8键读数据                                                                                     //1键
 361   2                      {
 362   3                              High4++;
 363   3                              if(High4 >= 1)
 364   3                              {
C51 COMPILER V9.54   MAIN                                                                  11/04/2024 22:25:25 PAGE 7   

 365   4                                      High4 = 0;
 366   4                                      flag4 = 1;
 367   4                              }
 368   3                      }
 369   2                      else if(P1_6!=0 && flag4 == 1)
 370   2                      {
 371   3                              Low4++;
 372   3                              if(Low4 >= 1)
 373   3                              {
 374   4                                      f = AT24C02_ReadByte(0);
 375   4                                      DR = AT24C02_ReadByte(1);
 376   4                                      pwm(f, DR);
 377   4                                      flag4 = 0;
 378   4                              }
 379   3                      }
 380   2                      
 381   2                      
 382   2                      
 383   2                      P1=0xFF;
 384   2                      P1_0=0;
 385   2                      if(P1_4==0 && flag5 == 0)                                                       //16键发送串口                                                                                  //1键
 386   2                      {
 387   3                              High5++;
 388   3                              if(High5 >= 1)
 389   3                              {
 390   4                                      High5 = 0;
 391   4                                      flag5 = 1;
 392   4                              }
 393   3                      }
 394   2                      else if(P1_4!=0 && flag5 == 1)
 395   2                      {
 396   3                              Low5++;
 397   3                              if(Low5 >= 1)
 398   3                              {
 399   4                                      UART_SendByte1('f');UART_SendByte1('=');UART_SendByte2(f);
 400   4                                      UART_SendByte1(',');
 401   4                                      UART_SendByte1('d');UART_SendByte1('=');UART_SendByte2(DR);
 402   4                                      flag5 = 0;
 403   4                              }
 404   3                      }
 405   2                      Delay(10);
 406   2              }
 407   1      
 408   1      }


MODULE INFORMATION:   STATIC OVERLAYABLE
   CODE SIZE        =   1891    ----
   CONSTANT SIZE    =     10    ----
   XDATA SIZE       =     57       8
   PDATA SIZE       =   ----    ----
   DATA SIZE        =   ----    ----
   IDATA SIZE       =   ----    ----
   BIT SIZE         =   ----    ----
END OF MODULE INFORMATION.


C51 COMPILATION COMPLETE.  0 WARNING(S),  0 ERROR(S)
