C51 COMPILER V9.54   PWM                                                                   10/30/2024 10:52:35 PAGE 1   


C51 COMPILER V9.54, COMPILATION OF MODULE PWM
OBJECT MODULE PLACED IN .\Objects\pwm.obj
COMPILER INVOKED BY: E:\Keil5\C51\BIN\C51.EXE pwm.c OPTIMIZE(8,SPEED) BROWSE DEBUG OBJECTEXTEND PRINT(.\Listings\pwm.lst
                    -) OBJECT(.\Objects\pwm.obj)

line level    source

   1          #include <REGX52.H>
   2          #include "Delay.h"
   3          
   4          #define uchar unsigned char
   5          #define uint unsigned int
   6          
   7          
   8          
   9          void pwm(uchar f, DR)
  10          {
  11   1              uint high, low, highload, lowload;
  12   1              unsigned long tmp;
  13   1              
  14   1              tmp = (11059200 / 12) / f;
  15   1              high = (tmp * DR) / 100;
  16   1              low = tmp - high;
  17   1              highload = 65536 - high + 11;
  18   1              lowload = 65536 - low + 11;
  19   1              
  20   1              TMOD &= 0xF0;                   //设置定时器模式
  21   1              TMOD |= 0x01;                   //设置定时器模式
  22   1              TL0 = 0x66;                             //设置定时初始值
  23   1              TH0 = 0xFC;                             //设置定时初始值
  24   1              TF0 = 0;                                //清除TF0标志
  25   1              TR0 = 1;                                //定时器0开始计时
  26   1              ET0 = 1;                                //使能定时器0中断
  27   1      }


MODULE INFORMATION:   STATIC OVERLAYABLE
   CODE SIZE        =    105    ----
   CONSTANT SIZE    =   ----    ----
   XDATA SIZE       =   ----    ----
   PDATA SIZE       =   ----    ----
   DATA SIZE        =   ----      10
   IDATA SIZE       =   ----    ----
   BIT SIZE         =   ----    ----
END OF MODULE INFORMATION.


C51 COMPILATION COMPLETE.  0 WARNING(S),  0 ERROR(S)
