C51 COMPILER V9.54   UART                                                                  11/04/2024 22:25:25 PAGE 1   


C51 COMPILER V9.54, COMPILATION OF MODULE UART
OBJECT MODULE PLACED IN .\Objects\UART.obj
COMPILER INVOKED BY: E:\Keil5\C51\BIN\C51.EXE UART.c LARGE OPTIMIZE(8,SPEED) BROWSE DEBUG OBJECTEXTEND PRINT(.\Listings\
                    -UART.lst) OBJECT(.\Objects\UART.obj)

line level    source

   1          #include <REGX52.H>
   2          #include "Delay.h"
   3          #include <stdio.h>
   4          
   5          /**
   6            * @brief  串口初始化，4800bps@12.000MHz
   7            * @param  无
   8            * @retval 无
   9            */
  10          void UART_Init()        //4800bps@11.0592MHz
  11          {
  12   1              PCON |= 0x80;           //使能波特率倍速位SMOD
  13   1              SCON = 0x50;            //8位数据,可变波特率
  14   1              TMOD &= 0x0F;           //设置定时器模式
  15   1              TMOD |= 0x20;           //设置定时器模式
  16   1              TL1 = 0xF4;                     //设置定时初始值
  17   1              TH1 = 0xF4;                     //设置定时重载值
  18   1              ET1 = 0;                        //禁止定时器中断
  19   1              TR1 = 1;                        //定时器1开始计时
  20   1              EA = 1;                         //开启总中断
  21   1              ES = 1;                         //开启串口总中断
  22   1      }
  23          
  24          
  25          /**
  26            * @brief  串口发送一个字节数据
  27            * @param  Byte 要发送的一个字节数据
  28            * @retval 无
  29            */
  30          //void UART_SendByte(unsigned char Byte)
  31          //{
  32          //      SBUF=Byte;
  33          //      while(TI==0);
  34          //      TI=0;
  35          //}
  36          
  37          void UART_SendByte1(unsigned char Byte)                 //发送一字节
  38          {
  39   1              SBUF = Byte;
  40   1              while(TI == 0);
  41   1              TI = 0;
  42   1      }
  43          
  44          void UART_SendByte2(unsigned int number)                // 发送十进制数
  45          {
  46   1          char str[10],i;
  47   1              sprintf(str, "%u", number);             // 将十进制数转换为字符串
  48   1          for(i = 0; str[i] != '\0'; i++)
  49   1              {
  50   2              SBUF = str[i];          
  51   2              while(!TI);             
  52   2              TI = 0;                 
  53   2              }
  54   1      }
C51 COMPILER V9.54   UART                                                                  11/04/2024 22:25:25 PAGE 2   

  55          
  56          //串口中断函数模板
  57          //void UART_Routine() interrupt 4
  58          //{
  59          //      unsigned char str2[10];
  60          //      if(RI==1)
  61          //      {
  62          //              char rchar = SBUF; 
  63          //              RI = 0;
  64          //              if (rchar >= '0' && rchar <= '9') 
  65          //              {
  66          //                      str2[p++] = rchar; 
  67          //                      if (p >= 10) 
  68          //                      { 
  69          //                              p = 0;
  70          //                      }
  71          //              } 
  72          //              else 
  73          //              {
  74          //                      if (p > 0) 
  75          //                      {
  76          //                              str2[p] = '\0'; 
  77          //                              m = atoi(str2); 
  78          //                              p = 0; 
  79          //                      }
  80          //              }
  81          //      }
  82          //}
  83          


MODULE INFORMATION:   STATIC OVERLAYABLE
   CODE SIZE        =     96    ----
   CONSTANT SIZE    =      3    ----
   XDATA SIZE       =   ----      10
   PDATA SIZE       =   ----    ----
   DATA SIZE        =   ----    ----
   IDATA SIZE       =   ----    ----
   BIT SIZE         =   ----    ----
END OF MODULE INFORMATION.


C51 COMPILATION COMPLETE.  0 WARNING(S),  0 ERROR(S)
